Build started 2/28/2016 12:13:18 AM.
     1>Project "C:\Users\Jimmy\documents\visual studio 2012\Projects\FYP\FYP\FYP.vcxproj" on node 2 (Build target(s)).
     1>ClCompile:
         C:\Program Files (x86)\Microsoft Visual Studio 11.0\VC\bin\x86_amd64\CL.exe /c /IC:\opencv\build\include\opencv2 /IC:\opencv\build\include\opencv /IC:\opencv\build\include /Zi /nologo /W3 /WX- /O2 /Oi /GL /D WIN32 /D NDEBUG /D _CONSOLE /D _UNICODE /D UNICODE /Gm- /EHsc /MD /GS /Gy /fp:precise /Zc:wchar_t /Zc:forScope /Fo"x64\Release\\" /Fd"x64\Release\vc110.pdb" /Gd /TP /errorReport:prompt FYP.cpp
         FYP.cpp
     1>c:\opencv\build\include\opencv2\flann\logger.h(66): warning C4996: 'fopen': This function or variable may be unsafe. Consider using fopen_s instead. To disable deprecation, use _CRT_SECURE_NO_WARNINGS. See online help for details.
                 C:\Program Files (x86)\Microsoft Visual Studio 11.0\VC\include\stdio.h(218) : see declaration of 'fopen'
     1>C:\opencv\build\include\opencv2/legacy/blobtrack.hpp(187): warning C4996: 'strcpy': This function or variable may be unsafe. Consider using strcpy_s instead. To disable deprecation, use _CRT_SECURE_NO_WARNINGS. See online help for details.
                 C:\Program Files (x86)\Microsoft Visual Studio 11.0\VC\include\string.h(110) : see declaration of 'strcpy'
     1>C:\opencv\build\include\opencv2/legacy/blobtrack.hpp(256): warning C4996: 'strcat': This function or variable may be unsafe. Consider using strcat_s instead. To disable deprecation, use _CRT_SECURE_NO_WARNINGS. See online help for details.
                 C:\Program Files (x86)\Microsoft Visual Studio 11.0\VC\include\string.h(115) : see declaration of 'strcat'
       Link:
         C:\Program Files (x86)\Microsoft Visual Studio 11.0\VC\bin\x86_amd64\link.exe /ERRORREPORT:PROMPT /OUT:"C:\Users\Jimmy\documents\visual studio 2012\Projects\FYP\x64\Release\FYP.exe" /INCREMENTAL:NO /NOLOGO /LIBPATH:C:\opencv\build\x64\vc11\lib opencv_stitching2410.lib opencv_contrib2410.lib opencv_videostab2410.lib opencv_superres2410.lib opencv_nonfree2410.lib opencv_gpu2410.lib opencv_ocl2410.lib opencv_legacy2410.lib opencv_ts2410.lib opencv_calib3d2410.lib opencv_features2d2410.lib opencv_objdetect2410.lib opencv_highgui2410.lib opencv_video2410.lib opencv_photo2410.lib opencv_imgproc2410.lib opencv_flann2410.lib opencv_ml2410.lib opencv_core2410.lib kernel32.lib user32.lib gdi32.lib winspool.lib comdlg32.lib advapi32.lib shell32.lib ole32.lib oleaut32.lib uuid.lib odbc32.lib odbccp32.lib /MANIFEST /MANIFESTUAC:"level='asInvoker' uiAccess='false'" /manifest:embed /DEBUG /PDB:"C:\Users\Jimmy\documents\visual studio 2012\Projects\FYP\x64\Release\FYP.pdb" /SUBSYSTEM:CONSOLE /OPT:REF /OPT:ICF /LTCG /TLBID:1 /DYNAMICBASE /NXCOMPAT /IMPLIB:"C:\Users\Jimmy\documents\visual studio 2012\Projects\FYP\x64\Release\FYP.lib" /MACHINE:X64 x64\Release\FYP.obj
         x64\Release\FYP2.obj
         x64\Release\FYP3.obj
         Generating code
         Finished generating code
         FYP.vcxproj -> C:\Users\Jimmy\documents\visual studio 2012\Projects\FYP\x64\Release\FYP.exe
     1>Done Building Project "C:\Users\Jimmy\documents\visual studio 2012\Projects\FYP\FYP\FYP.vcxproj" (Build target(s)).

Build succeeded.

Time Elapsed 00:00:07.93
